build/app/intermediates/manifest_merge_blame_file/debug/manifest-merger-blame-debug-report.txt
1<?xml version="1.0" encoding="utf-8"?>
2<manifest xmlns:android="http://schemas.android.com/apk/res/android"
3    package="com.example.doc_scanner"
4    android:versionCode="1"
5    android:versionName="1.0.0" >
6
7    <uses-sdk
8        android:minSdkVersion="16"
9        android:targetSdkVersion="28" />
10    <!--
11         Flutter needs it to communicate with the running application
12         to allow setting breakpoints, to provide hot reload, etc.
13    -->
14    <uses-permission android:name="android.permission.INTERNET" />
14-->src/debug/AndroidManifest.xml:6:5-66
14-->src/debug/AndroidManifest.xml:6:22-64
15    <uses-permission android:name="android.permission.CAMERA" />
15-->src/main/AndroidManifest.xml:56:7-67
15-->src/main/AndroidManifest.xml:56:24-64
16    <uses-permission android:name="android.permission.FLASHLIGHT" />
16-->src/main/AndroidManifest.xml:57:5-69
16-->src/main/AndroidManifest.xml:57:22-66
17    <uses-permission android:name="android.permission.READ_EXTERNAL_STORAGE" />
17-->[:image_picker] AndroidManifest.xml:7:5-80
17-->[:image_picker] AndroidManifest.xml:7:22-77
18    <uses-permission android:name="android.permission.WRITE_EXTERNAL_STORAGE" />
18-->[:image_picker] AndroidManifest.xml:8:5-81
18-->[:image_picker] AndroidManifest.xml:8:22-78
19    <uses-permission android:name="android.permission.REQUEST_INSTALL_PACKAGES" />
19-->[:open_file] AndroidManifest.xml:8:5-83
19-->[:open_file] AndroidManifest.xml:8:22-80
20    <!--
21 io.flutter.app.FlutterApplication is an android.app.Application that
22         calls FlutterMain.startInitialization(this); in its onCreate method.
23         In most cases you can leave this as-is, but you if you want to provide
24         additional functionality it is fine to subclass or reimplement
25         FlutterApplication and put your custom class here.
26    -->
27    <application
27-->src/main/AndroidManifest.xml:8:5-55:19
28        android:name="io.flutter.app.FlutterApplication"
28-->src/main/AndroidManifest.xml:9:9-57
29        android:appComponentFactory="androidx.core.app.CoreComponentFactory"
29-->[androidx.core:core:1.1.0] AndroidManifest.xml:24:18-86
30        android:debuggable="true"
31        android:icon="@mipmap/ic_launcher"
31-->src/main/AndroidManifest.xml:11:9-43
32        android:label="doc_scanner" >
32-->src/main/AndroidManifest.xml:10:9-36
33        <activity
33-->src/main/AndroidManifest.xml:12:9-45:20
34            android:name="com.example.doc_scanner.MainActivity"
34-->src/main/AndroidManifest.xml:13:13-41
35            android:configChanges="orientation|keyboardHidden|keyboard|screenSize|smallestScreenSize|locale|layoutDirection|fontScale|screenLayout|density|uiMode"
35-->src/main/AndroidManifest.xml:16:13-163
36            android:hardwareAccelerated="true"
36-->src/main/AndroidManifest.xml:17:13-47
37            android:launchMode="singleTop"
37-->src/main/AndroidManifest.xml:14:13-43
38            android:theme="@style/LaunchTheme"
38-->src/main/AndroidManifest.xml:15:13-47
39            android:windowSoftInputMode="adjustResize" >
39-->src/main/AndroidManifest.xml:18:13-55
40
41            <!--
42                 Specifies an Android theme to apply to this Activity as soon as
43                 the Android process has started. This theme is visible to the user
44                 while the Flutter UI initializes. After that, this theme continues
45                 to determine the Window background behind the Flutter UI.
46            -->
47            <meta-data
47-->src/main/AndroidManifest.xml:24:13-27:17
48                android:name="io.flutter.embedding.android.NormalTheme"
48-->src/main/AndroidManifest.xml:25:15-70
49                android:resource="@style/NormalTheme" />
49-->src/main/AndroidManifest.xml:26:15-52
50            <!--
51                 Displays an Android View that continues showing the launch screen
52                 Drawable until Flutter paints its first frame, then this splash
53                 screen fades out. A splash screen is useful to avoid any visual
54                 gap between the end of Android's launch screen and the painting of
55                 Flutter's first frame.
56            -->
57            <meta-data
57-->src/main/AndroidManifest.xml:33:13-36:17
58                android:name="io.flutter.embedding.android.SplashScreenDrawable"
58-->src/main/AndroidManifest.xml:34:15-79
59                android:resource="@drawable/launch_background" />
59-->src/main/AndroidManifest.xml:35:15-61
60
61            <intent-filter>
61-->src/main/AndroidManifest.xml:37:13-40:29
62                <action android:name="android.intent.action.MAIN" />
62-->src/main/AndroidManifest.xml:38:17-68
62-->src/main/AndroidManifest.xml:38:25-66
63
64                <category android:name="android.intent.category.LAUNCHER" />
64-->src/main/AndroidManifest.xml:39:17-76
64-->src/main/AndroidManifest.xml:39:27-74
65            </intent-filter>
66            <!--
67    <activity
68    android:name="com.yalantis.ucrop.UCropActivity"
69    android:screenOrientation="portrait"
70    android:theme="@style/Theme.AppCompat.Light.NoActionBar"/>
71            -->
72        </activity>
73        <activity
73-->src/main/AndroidManifest.xml:46:9-49:63
74            android:name="com.yalantis.ucrop.UCropActivity"
74-->src/main/AndroidManifest.xml:47:5-52
75            android:screenOrientation="portrait"
75-->src/main/AndroidManifest.xml:48:5-41
76            android:theme="@style/Theme.AppCompat.Light.NoActionBar" />
76-->src/main/AndroidManifest.xml:49:5-61
77        <!--
78             Don't delete the meta-data below.
79             This is used by the Flutter tool to generate GeneratedPluginRegistrant.java
80        -->
81        <meta-data
81-->src/main/AndroidManifest.xml:52:9-54:33
82            android:name="flutterEmbedding"
82-->src/main/AndroidManifest.xml:53:13-44
83            android:value="2" />
83-->src/main/AndroidManifest.xml:54:13-30
84
85        <provider
85-->[:image_picker] AndroidManifest.xml:11:9-19:20
86            android:name="io.flutter.plugins.imagepicker.ImagePickerFileProvider"
86-->[:image_picker] AndroidManifest.xml:12:13-82
87            android:authorities="com.example.doc_scanner.flutter.image_provider"
87-->[:image_picker] AndroidManifest.xml:13:13-74
88            android:exported="false"
88-->[:image_picker] AndroidManifest.xml:14:13-37
89            android:grantUriPermissions="true" >
89-->[:image_picker] AndroidManifest.xml:15:13-47
90            <meta-data
90-->[:image_picker] AndroidManifest.xml:16:13-18:75
91                android:name="android.support.FILE_PROVIDER_PATHS"
91-->[:image_picker] AndroidManifest.xml:17:17-67
92                android:resource="@xml/flutter_image_picker_file_paths" />
92-->[:image_picker] AndroidManifest.xml:18:17-72
93        </provider>
94        <provider
94-->[:open_file] AndroidManifest.xml:12:9-21:20
95            android:name="androidx.core.content.FileProvider"
95-->[:open_file] AndroidManifest.xml:13:13-62
96            android:authorities="com.example.doc_scanner.fileProvider"
96-->[:open_file] AndroidManifest.xml:14:13-64
97            android:exported="false"
97-->[:open_file] AndroidManifest.xml:15:13-37
98            android:grantUriPermissions="true" >
98-->[:open_file] AndroidManifest.xml:16:13-47
99            <meta-data
99-->[:image_picker] AndroidManifest.xml:16:13-18:75
100                android:name="android.support.FILE_PROVIDER_PATHS"
100-->[:image_picker] AndroidManifest.xml:17:17-67
101                android:resource="@xml/filepaths" />
101-->[:image_picker] AndroidManifest.xml:18:17-72
102        </provider>
103    </application>
104
105</manifest>